2024/10/15_17:59:24.607217 tick21	buy 5 aapl
2024/10/15_17:59:24.607217 tick21		portfolio: {'aapl': 5, 'msft': 0, 'nflx': 0, 'nvda': 0}
2024/10/15_17:59:24.607217 tick21		capital: -913.05
2024/10/15_17:59:24.607217 tick21	buy 5 msft
2024/10/15_17:59:24.607217 tick21		portfolio: {'aapl': 5, 'msft': 5, 'nflx': 0, 'nvda': 0}
2024/10/15_17:59:24.607217 tick21		capital: -2717.5
2024/10/15_17:59:24.607217 tick21	buy 5 nflx
2024/10/15_17:59:24.607217 tick21		portfolio: {'aapl': 5, 'msft': 5, 'nflx': 5, 'nvda': 0}
2024/10/15_17:59:24.607217 tick21		capital: -4894.25
2024/10/15_17:59:24.607217 tick21	buy 5 nvda
2024/10/15_17:59:24.607217 tick21		portfolio: {'aapl': 5, 'msft': 5, 'nflx': 5, 'nvda': 5}
2024/10/15_17:59:24.607217 tick21		capital: -5128.12
2024/10/15_17:59:24.611216 tick71	sell 5 nflx
2024/10/15_17:59:24.611216 tick71		portfolio: {'aapl': 5, 'msft': 5, 'nflx': 0, 'nvda': 5}
2024/10/15_17:59:24.611216 tick71		capital: -2404.77
2024/10/15_17:59:24.611216 tick72	buy 5 nflx
2024/10/15_17:59:24.611216 tick72		portfolio: {'aapl': 5, 'msft': 5, 'nflx': 5, 'nvda': 5}
2024/10/15_17:59:24.611216 tick72		capital: -5215.77
2024/10/15_17:59:24.612216 tick92	sell 5 nvda
2024/10/15_17:59:24.612216 tick92		portfolio: {'aapl': 5, 'msft': 5, 'nflx': 5, 'nvda': 0}
2024/10/15_17:59:24.612216 tick92		capital: -4824.08
2024/10/15_17:59:24.612216 tick93	buy 5 nvda
2024/10/15_17:59:24.612216 tick93		portfolio: {'aapl': 5, 'msft': 5, 'nflx': 5, 'nvda': 5}
2024/10/15_17:59:24.612216 tick93		capital: -5219.16
