2024/10/19_14:56:43.879356 tick21	buy 1 msft @ -0.08
2024/10/19_14:56:43.879356 tick21		portfolio: {'msft': 1}
2024/10/19_14:56:43.879356 tick21		capital: -0.92
2024/10/19_14:56:43.880361 tick22	buy 1 msft @ -0.39
2024/10/19_14:56:43.880361 tick22		portfolio: {'msft': 2}
2024/10/19_14:56:43.880361 tick22		capital: -1.53
2024/10/19_14:56:43.880361 tick23	buy 1 msft @ -0.09
2024/10/19_14:56:43.880361 tick23		portfolio: {'msft': 3}
2024/10/19_14:56:43.880361 tick23		capital: -2.44
2024/10/19_14:56:43.880361 tick24	buy 1 msft @ -0.32
2024/10/19_14:56:43.880361 tick24		portfolio: {'msft': 4}
2024/10/19_14:56:43.880361 tick24		capital: -3.12
2024/10/19_14:56:43.880361 tick25	buy 1 msft @ -0.26
2024/10/19_14:56:43.880361 tick25		portfolio: {'msft': 5}
2024/10/19_14:56:43.880361 tick25		capital: -3.86
2024/10/19_14:56:43.880361 tick26	buy 1 msft @ -0.61
2024/10/19_14:56:43.880361 tick26		portfolio: {'msft': 6}
2024/10/19_14:56:43.880361 tick26		capital: -4.25
2024/10/19_14:56:43.880361 tick27	buy 1 msft @ -0.68
2024/10/19_14:56:43.880361 tick27		portfolio: {'msft': 7}
2024/10/19_14:56:43.880361 tick27		capital: -4.57
2024/10/19_14:56:43.880361 tick28	buy 1 msft @ -0.61
2024/10/19_14:56:43.880361 tick28		portfolio: {'msft': 8}
2024/10/19_14:56:43.880361 tick28		capital: -4.96
2024/10/19_14:56:43.880361 tick29	buy 1 msft @ -0.44
2024/10/19_14:56:43.880361 tick29		portfolio: {'msft': 9}
2024/10/19_14:56:43.880361 tick29		capital: -5.52
2024/10/19_14:56:43.880361 tick30	buy 1 msft @ -0.61
2024/10/19_14:56:43.880361 tick30		portfolio: {'msft': 10}
2024/10/19_14:56:43.880361 tick30		capital: -5.91
2024/10/19_14:56:43.880361 tick31	buy 1 msft @ -0.62
2024/10/19_14:56:43.880361 tick31		portfolio: {'msft': 11}
2024/10/19_14:56:43.880361 tick31		capital: -6.29
2024/10/19_14:56:43.880361 tick32	buy 1 msft @ -0.35
2024/10/19_14:56:43.880361 tick32		portfolio: {'msft': 12}
2024/10/19_14:56:43.880361 tick32		capital: -6.94
2024/10/19_14:56:43.880361 tick33	buy 1 msft @ -0.38
2024/10/19_14:56:43.880361 tick33		portfolio: {'msft': 13}
2024/10/19_14:56:43.880361 tick33		capital: -7.56
2024/10/19_14:56:43.880361 tick34	buy 1 msft @ -0.31
2024/10/19_14:56:43.880361 tick34		portfolio: {'msft': 14}
2024/10/19_14:56:43.880361 tick34		capital: -8.25
2024/10/19_14:56:43.880361 tick35	buy 1 msft @ -0.25
2024/10/19_14:56:43.880361 tick35		portfolio: {'msft': 15}
2024/10/19_14:56:43.880361 tick35		capital: -9.0
2024/10/19_14:56:43.880361 tick36	buy 1 msft @ -0.51
2024/10/19_14:56:43.880361 tick36		portfolio: {'msft': 16}
2024/10/19_14:56:43.880361 tick36		capital: -9.49
2024/10/19_14:56:43.880361 tick37	buy 1 msft @ -0.48
2024/10/19_14:56:43.880361 tick37		portfolio: {'msft': 17}
2024/10/19_14:56:43.880361 tick37		capital: -10.01
2024/10/19_14:56:43.880361 tick38	buy 1 msft @ -0.82
2024/10/19_14:56:43.880361 tick38		portfolio: {'msft': 18}
2024/10/19_14:56:43.880361 tick38		capital: -10.19
2024/10/19_14:56:43.880361 tick39	buy 1 msft @ -0.38
2024/10/19_14:56:43.880361 tick39		portfolio: {'msft': 19}
2024/10/19_14:56:43.880361 tick39		capital: -10.81
2024/10/19_14:56:43.880361 tick40	buy 1 msft @ -0.41
2024/10/19_14:56:43.880361 tick40		portfolio: {'msft': 20}
2024/10/19_14:56:43.880361 tick40		capital: -11.4
2024/10/19_14:56:43.880361 tick41	buy 1 msft @ -0.4
2024/10/19_14:56:43.880361 tick41		portfolio: {'msft': 21}
2024/10/19_14:56:43.880361 tick41		capital: -12.0
2024/10/19_14:56:43.880361 tick42	buy 1 msft @ -0.42
2024/10/19_14:56:43.880361 tick42		portfolio: {'msft': 22}
2024/10/19_14:56:43.880361 tick42		capital: -12.58
2024/10/19_14:56:43.880361 tick43	buy 1 msft @ -0.33
2024/10/19_14:56:43.880361 tick43		portfolio: {'msft': 23}
2024/10/19_14:56:43.880361 tick43		capital: -13.25
2024/10/19_14:56:43.880361 tick44	buy 1 msft @ -0.44
2024/10/19_14:56:43.880361 tick44		portfolio: {'msft': 24}
2024/10/19_14:56:43.880361 tick44		capital: -13.81
2024/10/19_14:56:43.880361 tick45	buy 1 msft @ -0.51
2024/10/19_14:56:43.880361 tick45		portfolio: {'msft': 25}
2024/10/19_14:56:43.880361 tick45		capital: -14.3
2024/10/19_14:56:43.880361 tick46	buy 1 msft @ -0.5
2024/10/19_14:56:43.880361 tick46		portfolio: {'msft': 26}
2024/10/19_14:56:43.880361 tick46		capital: -14.8
2024/10/19_14:56:43.880361 tick47	buy 1 msft @ -0.38
2024/10/19_14:56:43.880361 tick47		portfolio: {'msft': 27}
2024/10/19_14:56:43.880865 tick47		capital: -15.42
2024/10/19_14:56:43.880865 tick48	buy 1 msft @ -0.43
2024/10/19_14:56:43.880865 tick48		portfolio: {'msft': 28}
2024/10/19_14:56:43.880865 tick48		capital: -15.99
2024/10/19_14:56:43.880865 tick49	buy 1 msft @ -0.4
2024/10/19_14:56:43.880865 tick49		portfolio: {'msft': 29}
2024/10/19_14:56:43.880865 tick49		capital: -16.59
2024/10/19_14:56:43.880865 tick50	buy 1 msft @ -0.485
2024/10/19_14:56:43.880865 tick50		portfolio: {'msft': 30}
2024/10/19_14:56:43.880865 tick50		capital: -17.11
2024/10/19_14:56:43.880865 tick51	buy 1 msft @ -0.48
2024/10/19_14:56:43.880865 tick51		portfolio: {'msft': 31}
2024/10/19_14:56:43.880865 tick51		capital: -17.63
2024/10/19_14:56:43.880865 tick52	buy 1 msft @ -0.505
2024/10/19_14:56:43.880865 tick52		portfolio: {'msft': 32}
2024/10/19_14:56:43.880865 tick52		capital: -18.12
2024/10/19_14:56:43.880865 tick53	buy 1 msft @ -0.54
2024/10/19_14:56:43.880865 tick53		portfolio: {'msft': 33}
2024/10/19_14:56:43.880865 tick53		capital: -18.58
2024/10/19_14:56:43.880865 tick54	buy 1 msft @ -0.61
2024/10/19_14:56:43.880865 tick54		portfolio: {'msft': 34}
2024/10/19_14:56:43.880865 tick54		capital: -18.97
2024/10/19_14:56:43.880865 tick55	buy 1 msft @ -0.74
2024/10/19_14:56:43.880865 tick55		portfolio: {'msft': 35}
2024/10/19_14:56:43.880865 tick55		capital: -19.23
2024/10/19_14:56:43.880865 tick56	buy 1 msft @ -0.7
2024/10/19_14:56:43.880865 tick56		portfolio: {'msft': 36}
2024/10/19_14:56:43.880865 tick56		capital: -19.53
2024/10/19_14:56:43.880865 tick57	buy 1 msft @ -0.64
2024/10/19_14:56:43.880865 tick57		portfolio: {'msft': 37}
2024/10/19_14:56:43.880865 tick57		capital: -19.89
2024/10/19_14:56:43.880865 tick58	buy 1 msft @ -0.52
2024/10/19_14:56:43.880865 tick58		portfolio: {'msft': 38}
2024/10/19_14:56:43.880865 tick58		capital: -20.37
2024/10/19_14:56:43.880865 tick59	buy 1 msft @ -0.41
2024/10/19_14:56:43.880865 tick59		portfolio: {'msft': 39}
2024/10/19_14:56:43.880865 tick59		capital: -20.96
2024/10/19_14:56:43.880865 tick60	buy 1 msft @ -0.57
2024/10/19_14:56:43.880865 tick60		portfolio: {'msft': 40}
2024/10/19_14:56:43.880865 tick60		capital: -21.39
2024/10/19_14:56:43.880865 tick61	buy 1 msft @ -0.695
2024/10/19_14:56:43.880865 tick61		portfolio: {'msft': 41}
2024/10/19_14:56:43.880865 tick61		capital: -21.7
2024/10/19_14:56:43.880865 tick62	buy 1 msft @ -0.51
2024/10/19_14:56:43.880865 tick62		portfolio: {'msft': 42}
2024/10/19_14:56:43.880865 tick62		capital: -22.19
2024/10/19_14:56:43.880865 tick63	buy 1 msft @ -0.93
2024/10/19_14:56:43.880865 tick63		portfolio: {'msft': 43}
2024/10/19_14:56:43.880865 tick63		capital: -22.26
2024/10/19_14:56:43.880865 tick64	buy 1 msft @ -0.63
2024/10/19_14:56:43.880865 tick64		portfolio: {'msft': 44}
2024/10/19_14:56:43.880865 tick64		capital: -22.63
2024/10/19_14:56:43.880865 tick65	buy 1 msft @ -0.71
2024/10/19_14:56:43.880865 tick65		portfolio: {'msft': 45}
2024/10/19_14:56:43.880865 tick65		capital: -22.92
2024/10/19_14:56:43.881216 tick66	buy 1 msft @ -1.35
2024/10/19_14:56:43.881216 tick66		portfolio: {'msft': 46}
2024/10/19_14:56:43.881216 tick66		capital: -22.57
2024/10/19_14:56:43.881216 tick67	buy 1 msft @ -0.0901
2024/10/19_14:56:43.881216 tick67		portfolio: {'msft': 47}
2024/10/19_14:56:43.881216 tick67		capital: -23.48
2024/10/19_14:56:43.881216 tick68	buy 1 msft @ -0.14
2024/10/19_14:56:43.881216 tick68		portfolio: {'msft': 48}
2024/10/19_14:56:43.881216 tick68		capital: -24.34
2024/10/19_14:56:43.881216 tick69	buy 1 msft @ 1.0
2024/10/19_14:56:43.881216 tick69		portfolio: {'msft': 49}
2024/10/19_14:56:43.881216 tick69		capital: -26.34
2024/10/19_14:56:43.881216 tick70	sell 49 msft @ 1.5608
2024/10/19_14:56:43.881216 tick70		portfolio: {'msft': 0}
2024/10/19_14:56:43.881216 tick70		capital: 49.14
2024/10/19_14:56:43.881216 tick80	buy 1 msft @ -0.69
2024/10/19_14:56:43.881216 tick80		portfolio: {'msft': 1}
2024/10/19_14:56:43.881216 tick80		capital: 48.83
2024/10/19_14:56:43.881216 tick81	buy 1 msft @ -0.5
2024/10/19_14:56:43.881216 tick81		portfolio: {'msft': 2}
2024/10/19_14:56:43.881216 tick81		capital: 48.33
2024/10/19_14:56:43.881216 tick82	buy 1 msft @ -0.34
2024/10/19_14:56:43.881216 tick82		portfolio: {'msft': 3}
2024/10/19_14:56:43.881216 tick82		capital: 47.67
2024/10/19_14:56:43.881216 tick83	buy 1 msft @ -0.63
2024/10/19_14:56:43.881216 tick83		portfolio: {'msft': 4}
2024/10/19_14:56:43.881216 tick83		capital: 47.3
2024/10/19_14:56:43.881216 tick84	buy 1 msft @ -1.26
2024/10/19_14:56:43.881216 tick84		portfolio: {'msft': 5}
2024/10/19_14:56:43.881216 tick84		capital: 47.56
2024/10/19_14:56:43.881216 tick85	buy 1 msft @ -0.79
2024/10/19_14:56:43.881216 tick85		portfolio: {'msft': 6}
2024/10/19_14:56:43.881216 tick85		capital: 47.35
2024/10/19_14:56:43.881216 tick86	buy 1 msft @ -0.415
2024/10/19_14:56:43.881216 tick86		portfolio: {'msft': 7}
2024/10/19_14:56:43.881216 tick86		capital: 46.77
2024/10/19_14:56:43.881216 tick87	buy 1 msft @ -0.0099
2024/10/19_14:56:43.881216 tick87		portfolio: {'msft': 8}
2024/10/19_14:56:43.881216 tick87		capital: 45.78
2024/10/19_14:56:43.881216 tick88	buy 1 msft @ 0.045
2024/10/19_14:56:43.881216 tick88		portfolio: {'msft': 9}
2024/10/19_14:56:43.881216 tick88		capital: 44.73
2024/10/19_14:56:43.881216 tick91	sell 9 msft @ 0.78
2024/10/19_14:56:43.881216 tick91		portfolio: {'msft': 0}
2024/10/19_14:56:43.881216 tick91		capital: 50.75
2024/10/19_14:56:43.881216 tick96	buy 1 msft @ -0.53
2024/10/19_14:56:43.881216 tick96		portfolio: {'msft': 1}
2024/10/19_14:56:43.881216 tick96		capital: 50.28
2024/10/19_14:56:43.881216 tick97	buy 1 msft @ -0.56
2024/10/19_14:56:43.881216 tick97		portfolio: {'msft': 2}
2024/10/19_14:56:43.881216 tick97		capital: 49.84
2024/10/19_14:56:43.881216 tick98	buy 1 msft @ -0.91
2024/10/19_14:56:43.881216 tick98		portfolio: {'msft': 3}
2024/10/19_14:56:43.881216 tick98		capital: 49.75
2024/10/19_14:56:43.881216 tick99	buy 1 msft @ -0.88
2024/10/19_14:56:43.881216 tick99		portfolio: {'msft': 4}
2024/10/19_14:56:43.881216 tick99		capital: 49.63
2024/10/19_14:56:43.881216 tick100	buy 1 msft @ -1.16
2024/10/19_14:56:43.881216 tick100		portfolio: {'msft': 5}
2024/10/19_14:56:43.881216 tick100		capital: 49.79
2024/10/19_14:56:43.881216 tick101	buy 1 msft @ -0.95
2024/10/19_14:56:43.881216 tick101		portfolio: {'msft': 6}
2024/10/19_14:56:43.881216 tick101		capital: 49.74
2024/10/19_14:56:43.881216 tick102	buy 1 msft @ -1.22
2024/10/19_14:56:43.881216 tick102		portfolio: {'msft': 7}
2024/10/19_14:56:43.881216 tick102		capital: 49.96
2024/10/19_14:56:43.881216 tick103	buy 1 msft @ -0.915
2024/10/19_14:56:43.881216 tick103		portfolio: {'msft': 8}
2024/10/19_14:56:43.881216 tick103		capital: 49.88
2024/10/19_14:56:43.881216 tick104	buy 1 msft @ -0.68
2024/10/19_14:56:43.881216 tick104		portfolio: {'msft': 9}
2024/10/19_14:56:43.881216 tick104		capital: 49.56
2024/10/19_14:56:43.881216 tick105	buy 1 msft @ -0.5699
2024/10/19_14:56:43.881216 tick105		portfolio: {'msft': 10}
2024/10/19_14:56:43.881216 tick105		capital: 49.13
2024/10/19_14:56:43.881216 tick106	buy 1 msft @ -0.4703
2024/10/19_14:56:43.881216 tick106		portfolio: {'msft': 11}
2024/10/19_14:56:43.881216 tick106		capital: 48.6
2024/10/19_14:56:43.881216 tick107	buy 1 msft @ -0.19
2024/10/19_14:56:43.881216 tick107		portfolio: {'msft': 12}
2024/10/19_14:56:43.881216 tick107		capital: 47.79
2024/10/19_14:56:43.881216 tick108	buy 1 msft @ 0.035
2024/10/19_14:56:43.881216 tick108		portfolio: {'msft': 13}
2024/10/19_14:56:43.881216 tick108		capital: 46.76
2024/10/19_14:56:43.881216 tick109	buy 1 msft @ -0.4975
2024/10/19_14:56:43.881216 tick109		portfolio: {'msft': 14}
2024/10/19_14:56:43.881216 tick109		capital: 46.26
2024/10/19_14:56:43.881868 tick146	sell 14 msft @ 0.62
2024/10/19_14:56:43.881868 tick146		portfolio: {'msft': 0}
2024/10/19_14:56:43.881868 tick146		capital: 53.94
