2024/10/19_14:56:43.992419 tick21	buy 1 msft @ 417.55
2024/10/19_14:56:43.992419 tick21		portfolio: {'msft': 1}
2024/10/19_14:56:43.992419 tick21		capital: -418.55
2024/10/19_14:56:43.992419 tick22	buy 1 msft @ 417.24
2024/10/19_14:56:43.992419 tick22		portfolio: {'msft': 2}
2024/10/19_14:56:43.992419 tick22		capital: -836.79
2024/10/19_14:56:43.992419 tick23	buy 1 msft @ 417.54
2024/10/19_14:56:43.992419 tick23		portfolio: {'msft': 3}
2024/10/19_14:56:43.992419 tick23		capital: -1255.33
2024/10/19_14:56:43.992419 tick24	buy 1 msft @ 417.31
2024/10/19_14:56:43.992419 tick24		portfolio: {'msft': 4}
2024/10/19_14:56:43.992419 tick24		capital: -1673.64
2024/10/19_14:56:43.992419 tick25	buy 1 msft @ 417.37
2024/10/19_14:56:43.992419 tick25		portfolio: {'msft': 5}
2024/10/19_14:56:43.992419 tick25		capital: -2092.01
2024/10/19_14:56:43.992419 tick26	buy 1 msft @ 417.02
2024/10/19_14:56:43.992419 tick26		portfolio: {'msft': 6}
2024/10/19_14:56:43.992419 tick26		capital: -2510.03
2024/10/19_14:56:43.992419 tick27	buy 1 msft @ 416.95
2024/10/19_14:56:43.992419 tick27		portfolio: {'msft': 7}
2024/10/19_14:56:43.992419 tick27		capital: -2927.98
2024/10/19_14:56:43.992419 tick28	buy 1 msft @ 417.02
2024/10/19_14:56:43.992419 tick28		portfolio: {'msft': 8}
2024/10/19_14:56:43.992419 tick28		capital: -3346.0
2024/10/19_14:56:43.992419 tick29	buy 1 msft @ 417.19
2024/10/19_14:56:43.992419 tick29		portfolio: {'msft': 9}
2024/10/19_14:56:43.992419 tick29		capital: -3764.19
2024/10/19_14:56:43.992419 tick30	buy 1 msft @ 417.02
2024/10/19_14:56:43.992419 tick30		portfolio: {'msft': 10}
2024/10/19_14:56:43.992419 tick30		capital: -4182.21
2024/10/19_14:56:43.992419 tick31	buy 1 msft @ 417.01
2024/10/19_14:56:43.992419 tick31		portfolio: {'msft': 11}
2024/10/19_14:56:43.992419 tick31		capital: -4600.22
2024/10/19_14:56:43.992419 tick32	buy 1 msft @ 417.28
2024/10/19_14:56:43.992419 tick32		portfolio: {'msft': 12}
2024/10/19_14:56:43.992419 tick32		capital: -5018.5
2024/10/19_14:56:43.992419 tick33	buy 1 msft @ 417.25
2024/10/19_14:56:43.992419 tick33		portfolio: {'msft': 13}
2024/10/19_14:56:43.992419 tick33		capital: -5436.75
2024/10/19_14:56:43.992419 tick34	buy 1 msft @ 417.32
2024/10/19_14:56:43.992419 tick34		portfolio: {'msft': 14}
2024/10/19_14:56:43.992419 tick34		capital: -5855.07
2024/10/19_14:56:43.992419 tick35	buy 1 msft @ 417.38
2024/10/19_14:56:43.992419 tick35		portfolio: {'msft': 15}
2024/10/19_14:56:43.992419 tick35		capital: -6273.45
2024/10/19_14:56:43.992419 tick36	buy 1 msft @ 417.12
2024/10/19_14:56:43.992419 tick36		portfolio: {'msft': 16}
2024/10/19_14:56:43.992419 tick36		capital: -6691.57
2024/10/19_14:56:43.992419 tick37	buy 1 msft @ 417.15
2024/10/19_14:56:43.993420 tick37		portfolio: {'msft': 17}
2024/10/19_14:56:43.993420 tick37		capital: -7109.72
2024/10/19_14:56:43.993420 tick38	buy 1 msft @ 416.81
2024/10/19_14:56:43.993420 tick38		portfolio: {'msft': 18}
2024/10/19_14:56:43.993420 tick38		capital: -7527.53
2024/10/19_14:56:43.993420 tick39	buy 1 msft @ 417.25
2024/10/19_14:56:43.993420 tick39		portfolio: {'msft': 19}
2024/10/19_14:56:43.993420 tick39		capital: -7945.78
2024/10/19_14:56:43.993420 tick40	buy 1 msft @ 417.22
2024/10/19_14:56:43.993420 tick40		portfolio: {'msft': 20}
2024/10/19_14:56:43.993420 tick40		capital: -8364.0
2024/10/19_14:56:43.993420 tick41	buy 1 msft @ 417.23
2024/10/19_14:56:43.993420 tick41		portfolio: {'msft': 21}
2024/10/19_14:56:43.993420 tick41		capital: -8782.23
2024/10/19_14:56:43.993420 tick42	buy 1 msft @ 417.21
2024/10/19_14:56:43.993420 tick42		portfolio: {'msft': 22}
2024/10/19_14:56:43.993420 tick42		capital: -9200.44
2024/10/19_14:56:43.993420 tick43	buy 1 msft @ 417.3
2024/10/19_14:56:43.993420 tick43		portfolio: {'msft': 23}
2024/10/19_14:56:43.993420 tick43		capital: -9618.74
2024/10/19_14:56:43.993420 tick44	buy 1 msft @ 417.19
2024/10/19_14:56:43.993420 tick44		portfolio: {'msft': 24}
2024/10/19_14:56:43.993420 tick44		capital: -10036.93
2024/10/19_14:56:43.993420 tick45	buy 1 msft @ 417.12
2024/10/19_14:56:43.993420 tick45		portfolio: {'msft': 25}
2024/10/19_14:56:43.993420 tick45		capital: -10455.05
2024/10/19_14:56:43.993420 tick46	buy 1 msft @ 417.13
2024/10/19_14:56:43.993420 tick46		portfolio: {'msft': 26}
2024/10/19_14:56:43.993420 tick46		capital: -10873.18
2024/10/19_14:56:43.993420 tick47	buy 1 msft @ 417.25
2024/10/19_14:56:43.993420 tick47		portfolio: {'msft': 27}
2024/10/19_14:56:43.993420 tick47		capital: -11291.43
2024/10/19_14:56:43.993420 tick48	buy 1 msft @ 417.2
2024/10/19_14:56:43.993420 tick48		portfolio: {'msft': 28}
2024/10/19_14:56:43.993420 tick48		capital: -11709.63
2024/10/19_14:56:43.993420 tick49	buy 1 msft @ 417.23
2024/10/19_14:56:43.993420 tick49		portfolio: {'msft': 29}
2024/10/19_14:56:43.993420 tick49		capital: -12127.86
2024/10/19_14:56:43.993420 tick50	buy 1 msft @ 417.145
2024/10/19_14:56:43.993420 tick50		portfolio: {'msft': 30}
2024/10/19_14:56:43.993420 tick50		capital: -12546.01
2024/10/19_14:56:43.993420 tick51	buy 1 msft @ 417.15
2024/10/19_14:56:43.993420 tick51		portfolio: {'msft': 31}
2024/10/19_14:56:43.993420 tick51		capital: -12964.16
2024/10/19_14:56:43.993420 tick52	buy 1 msft @ 417.125
2024/10/19_14:56:43.993420 tick52		portfolio: {'msft': 32}
2024/10/19_14:56:43.993420 tick52		capital: -13382.28
2024/10/19_14:56:43.993420 tick53	buy 1 msft @ 417.09
2024/10/19_14:56:43.993420 tick53		portfolio: {'msft': 33}
2024/10/19_14:56:43.993420 tick53		capital: -13800.37
2024/10/19_14:56:43.993420 tick54	buy 1 msft @ 417.02
2024/10/19_14:56:43.993420 tick54		portfolio: {'msft': 34}
2024/10/19_14:56:43.993420 tick54		capital: -14218.39
2024/10/19_14:56:43.993420 tick55	buy 1 msft @ 416.89
2024/10/19_14:56:43.993420 tick55		portfolio: {'msft': 35}
2024/10/19_14:56:43.993420 tick55		capital: -14636.28
2024/10/19_14:56:43.993420 tick56	buy 1 msft @ 416.93
2024/10/19_14:56:43.993420 tick56		portfolio: {'msft': 36}
2024/10/19_14:56:43.993420 tick56		capital: -15054.21
2024/10/19_14:56:43.993420 tick57	buy 1 msft @ 416.99
2024/10/19_14:56:43.993420 tick57		portfolio: {'msft': 37}
2024/10/19_14:56:43.993420 tick57		capital: -15472.2
2024/10/19_14:56:43.993420 tick58	buy 1 msft @ 417.11
2024/10/19_14:56:43.993420 tick58		portfolio: {'msft': 38}
2024/10/19_14:56:43.993420 tick58		capital: -15890.31
2024/10/19_14:56:43.993420 tick59	buy 1 msft @ 417.22
2024/10/19_14:56:43.993420 tick59		portfolio: {'msft': 39}
2024/10/19_14:56:43.993420 tick59		capital: -16308.53
2024/10/19_14:56:43.993420 tick60	buy 1 msft @ 417.06
2024/10/19_14:56:43.993420 tick60		portfolio: {'msft': 40}
2024/10/19_14:56:43.993420 tick60		capital: -16726.59
2024/10/19_14:56:43.993420 tick61	buy 1 msft @ 416.935
2024/10/19_14:56:43.993420 tick61		portfolio: {'msft': 41}
2024/10/19_14:56:43.993420 tick61		capital: -17144.53
2024/10/19_14:56:43.993420 tick62	buy 1 msft @ 417.12
2024/10/19_14:56:43.993420 tick62		portfolio: {'msft': 42}
2024/10/19_14:56:43.993420 tick62		capital: -17562.65
2024/10/19_14:56:43.993420 tick63	buy 1 msft @ 416.7
2024/10/19_14:56:43.993420 tick63		portfolio: {'msft': 43}
2024/10/19_14:56:43.993420 tick63		capital: -17980.35
2024/10/19_14:56:43.993420 tick64	buy 1 msft @ 417.0
2024/10/19_14:56:43.993420 tick64		portfolio: {'msft': 44}
2024/10/19_14:56:43.993420 tick64		capital: -18398.35
2024/10/19_14:56:43.993420 tick65	buy 1 msft @ 416.92
2024/10/19_14:56:43.993420 tick65		portfolio: {'msft': 45}
2024/10/19_14:56:43.993420 tick65		capital: -18816.27
2024/10/19_14:56:43.993420 tick66	buy 1 msft @ 416.28
2024/10/19_14:56:43.993420 tick66		portfolio: {'msft': 46}
2024/10/19_14:56:43.993420 tick66		capital: -19233.55
2024/10/19_14:56:43.993420 tick67	buy 1 msft @ 417.5399
2024/10/19_14:56:43.993420 tick67		portfolio: {'msft': 47}
2024/10/19_14:56:43.993420 tick67		capital: -19652.09
2024/10/19_14:56:43.993420 tick68	buy 1 msft @ 417.49
2024/10/19_14:56:43.993420 tick68		portfolio: {'msft': 48}
2024/10/19_14:56:43.993420 tick68		capital: -20070.58
2024/10/19_14:56:43.993420 tick69	buy 1 msft @ 418.63
2024/10/19_14:56:43.993420 tick69		portfolio: {'msft': 49}
2024/10/19_14:56:43.993420 tick69		capital: -20490.21
2024/10/19_14:56:43.993420 tick70	sell 49 msft @ 419.1908
2024/10/19_14:56:43.993420 tick70		portfolio: {'msft': 0}
2024/10/19_14:56:43.993420 tick70		capital: 49.14
2024/10/19_14:56:43.993420 tick80	buy 1 msft @ 416.94
2024/10/19_14:56:43.993420 tick80		portfolio: {'msft': 1}
2024/10/19_14:56:43.993420 tick80		capital: -368.8
2024/10/19_14:56:43.993420 tick81	buy 1 msft @ 417.13
2024/10/19_14:56:43.993420 tick81		portfolio: {'msft': 2}
2024/10/19_14:56:43.993420 tick81		capital: -786.93
2024/10/19_14:56:43.993420 tick82	buy 1 msft @ 417.29
2024/10/19_14:56:43.993420 tick82		portfolio: {'msft': 3}
2024/10/19_14:56:43.993420 tick82		capital: -1205.22
2024/10/19_14:56:43.993420 tick83	buy 1 msft @ 417.0
2024/10/19_14:56:43.993420 tick83		portfolio: {'msft': 4}
2024/10/19_14:56:43.993420 tick83		capital: -1623.22
2024/10/19_14:56:43.993420 tick84	buy 1 msft @ 416.37
2024/10/19_14:56:43.993420 tick84		portfolio: {'msft': 5}
2024/10/19_14:56:43.993420 tick84		capital: -2040.59
2024/10/19_14:56:43.993420 tick85	buy 1 msft @ 416.84
2024/10/19_14:56:43.993420 tick85		portfolio: {'msft': 6}
2024/10/19_14:56:43.993420 tick85		capital: -2458.43
2024/10/19_14:56:43.993420 tick86	buy 1 msft @ 417.215
2024/10/19_14:56:43.993420 tick86		portfolio: {'msft': 7}
2024/10/19_14:56:43.993420 tick86		capital: -2876.64
2024/10/19_14:56:43.993420 tick87	buy 1 msft @ 417.6201
2024/10/19_14:56:43.993420 tick87		portfolio: {'msft': 8}
2024/10/19_14:56:43.993420 tick87		capital: -3295.26
2024/10/19_14:56:43.993420 tick88	buy 1 msft @ 417.675
2024/10/19_14:56:43.993420 tick88		portfolio: {'msft': 9}
2024/10/19_14:56:43.993420 tick88		capital: -3713.94
2024/10/19_14:56:43.993420 tick91	sell 9 msft @ 418.41
2024/10/19_14:56:43.993420 tick91		portfolio: {'msft': 0}
2024/10/19_14:56:43.993420 tick91		capital: 50.75
2024/10/19_14:56:43.993420 tick96	buy 1 msft @ 417.1
2024/10/19_14:56:43.993420 tick96		portfolio: {'msft': 1}
2024/10/19_14:56:43.993420 tick96		capital: -367.35
2024/10/19_14:56:43.993420 tick97	buy 1 msft @ 417.07
2024/10/19_14:56:43.993420 tick97		portfolio: {'msft': 2}
2024/10/19_14:56:43.993420 tick97		capital: -785.42
2024/10/19_14:56:43.993420 tick98	buy 1 msft @ 416.72
2024/10/19_14:56:43.993420 tick98		portfolio: {'msft': 3}
2024/10/19_14:56:43.993420 tick98		capital: -1203.14
2024/10/19_14:56:43.993420 tick99	buy 1 msft @ 416.75
2024/10/19_14:56:43.993420 tick99		portfolio: {'msft': 4}
2024/10/19_14:56:43.993420 tick99		capital: -1620.89
2024/10/19_14:56:43.993420 tick100	buy 1 msft @ 416.47
2024/10/19_14:56:43.993420 tick100		portfolio: {'msft': 5}
2024/10/19_14:56:43.993420 tick100		capital: -2038.36
2024/10/19_14:56:43.993420 tick101	buy 1 msft @ 416.68
2024/10/19_14:56:43.993420 tick101		portfolio: {'msft': 6}
2024/10/19_14:56:43.993420 tick101		capital: -2456.04
2024/10/19_14:56:43.993420 tick102	buy 1 msft @ 416.41
2024/10/19_14:56:43.993420 tick102		portfolio: {'msft': 7}
2024/10/19_14:56:43.993420 tick102		capital: -2873.45
2024/10/19_14:56:43.993420 tick103	buy 1 msft @ 416.715
2024/10/19_14:56:43.993420 tick103		portfolio: {'msft': 8}
2024/10/19_14:56:43.993420 tick103		capital: -3291.16
2024/10/19_14:56:43.993420 tick104	buy 1 msft @ 416.95
2024/10/19_14:56:43.994418 tick104		portfolio: {'msft': 9}
2024/10/19_14:56:43.994418 tick104		capital: -3709.11
2024/10/19_14:56:43.994418 tick105	buy 1 msft @ 417.0601
2024/10/19_14:56:43.994418 tick105		portfolio: {'msft': 10}
2024/10/19_14:56:43.994418 tick105		capital: -4127.17
2024/10/19_14:56:43.994418 tick106	buy 1 msft @ 417.159718
2024/10/19_14:56:43.994418 tick106		portfolio: {'msft': 11}
2024/10/19_14:56:43.994418 tick106		capital: -4545.33
2024/10/19_14:56:43.994418 tick107	buy 1 msft @ 417.44
2024/10/19_14:56:43.994418 tick107		portfolio: {'msft': 12}
2024/10/19_14:56:43.994418 tick107		capital: -4963.77
2024/10/19_14:56:43.994418 tick108	buy 1 msft @ 417.665
2024/10/19_14:56:43.994418 tick108		portfolio: {'msft': 13}
2024/10/19_14:56:43.994418 tick108		capital: -5382.44
2024/10/19_14:56:43.994418 tick109	buy 1 msft @ 417.1325
2024/10/19_14:56:43.994418 tick109		portfolio: {'msft': 14}
2024/10/19_14:56:43.994418 tick109		capital: -5800.57
2024/10/19_14:56:43.994418 tick146	sell 14 msft @ 418.25
2024/10/19_14:56:43.994418 tick146		portfolio: {'msft': 0}
2024/10/19_14:56:43.994418 tick146		capital: 53.93
