2024/10/13_22:17:46.410769 tick27	buy 1 msft
2024/10/13_22:17:46.410769 tick27		portfolio: {'aapl': 0, 'amzn': 0, 'csco': 0, 'dis': 0, 'meta': 0, 'msft': 1, 'nflx': 0, 'nvda': 0, 'tsla': 0, 'uber': 0}
2024/10/13_22:17:46.410769 tick27		capital: -370.85
2024/10/13_22:17:46.410769 tick28	sell 1 msft
2024/10/13_22:17:46.410769 tick28		portfolio: {'aapl': 0, 'amzn': 0, 'csco': 0, 'dis': 0, 'meta': 0, 'msft': 0, 'nflx': 0, 'nvda': 0, 'tsla': 0, 'uber': 0}
2024/10/13_22:17:46.410769 tick28		capital: 5.59
2024/10/13_22:17:46.410769 tick29	buy 1 csco
2024/10/13_22:17:46.410769 tick29		portfolio: {'aapl': 0, 'amzn': 0, 'csco': 1, 'dis': 0, 'meta': 0, 'msft': 0, 'nflx': 0, 'nvda': 0, 'tsla': 0, 'uber': 0}
2024/10/13_22:17:46.410769 tick29		capital: -43.21
2024/10/13_22:17:46.410769 tick30	buy 1 dis
2024/10/13_22:17:46.410769 tick30		portfolio: {'aapl': 0, 'amzn': 0, 'csco': 1, 'dis': 1, 'meta': 0, 'msft': 0, 'nflx': 0, 'nvda': 0, 'tsla': 0, 'uber': 0}
2024/10/13_22:17:46.410769 tick30		capital: -139.28
2024/10/13_22:17:46.410769 tick34	buy 1 nvda
2024/10/13_22:17:46.410769 tick34		portfolio: {'aapl': 0, 'amzn': 0, 'csco': 1, 'dis': 1, 'meta': 0, 'msft': 0, 'nflx': 0, 'nvda': 1, 'tsla': 0, 'uber': 0}
2024/10/13_22:17:46.410769 tick34		capital: -188.1
2024/10/13_22:17:46.410769 tick36	buy 1 dis
2024/10/13_22:17:46.410769 tick36		portfolio: {'aapl': 0, 'amzn': 0, 'csco': 1, 'dis': 2, 'meta': 0, 'msft': 0, 'nflx': 0, 'nvda': 1, 'tsla': 0, 'uber': 0}
2024/10/13_22:17:46.410769 tick36		capital: -281.68
2024/10/13_22:17:46.410769 tick40	buy 1 nvda
2024/10/13_22:17:46.410769 tick40		portfolio: {'aapl': 0, 'amzn': 0, 'csco': 1, 'dis': 2, 'meta': 0, 'msft': 0, 'nflx': 0, 'nvda': 2, 'tsla': 0, 'uber': 0}
2024/10/13_22:17:46.410769 tick40		capital: -328.18
2024/10/13_22:17:46.410769 tick42	sell 1 csco
2024/10/13_22:17:46.410769 tick42		portfolio: {'aapl': 0, 'amzn': 0, 'csco': 0, 'dis': 2, 'meta': 0, 'msft': 0, 'nflx': 0, 'nvda': 2, 'tsla': 0, 'uber': 0}
2024/10/13_22:17:46.410769 tick42		capital: -279.79
2024/10/13_22:17:46.410769 tick44	sell 2 nvda
2024/10/13_22:17:46.410769 tick44		portfolio: {'aapl': 0, 'amzn': 0, 'csco': 0, 'dis': 2, 'meta': 0, 'msft': 0, 'nflx': 0, 'nvda': 0, 'tsla': 0, 'uber': 0}
2024/10/13_22:17:46.410769 tick44		capital: -185.48
2024/10/13_22:17:46.410769 tick55	buy 1 csco
2024/10/13_22:17:46.410769 tick55		portfolio: {'aapl': 0, 'amzn': 0, 'csco': 1, 'dis': 2, 'meta': 0, 'msft': 0, 'nflx': 0, 'nvda': 0, 'tsla': 0, 'uber': 0}
2024/10/13_22:17:46.410769 tick55		capital: -237.0
2024/10/13_22:17:46.410769 tick56	buy 1 csco
2024/10/13_22:17:46.410769 tick56		portfolio: {'aapl': 0, 'amzn': 0, 'csco': 2, 'dis': 2, 'meta': 0, 'msft': 0, 'nflx': 0, 'nvda': 0, 'tsla': 0, 'uber': 0}
2024/10/13_22:17:46.410769 tick56		capital: -288.51
2024/10/13_22:17:46.410769 tick62	buy 1 csco
2024/10/13_22:17:46.410769 tick62		portfolio: {'aapl': 0, 'amzn': 0, 'csco': 3, 'dis': 2, 'meta': 0, 'msft': 0, 'nflx': 0, 'nvda': 0, 'tsla': 0, 'uber': 0}
2024/10/13_22:17:46.410769 tick62		capital: -339.75
2024/10/13_22:17:46.410769 tick64	buy 1 csco
2024/10/13_22:17:46.410769 tick64		portfolio: {'aapl': 0, 'amzn': 0, 'csco': 4, 'dis': 2, 'meta': 0, 'msft': 0, 'nflx': 0, 'nvda': 0, 'tsla': 0, 'uber': 0}
2024/10/13_22:17:46.410769 tick64		capital: -391.09
2024/10/13_22:17:46.411769 tick69	sell 4 csco
2024/10/13_22:17:46.411769 tick69		portfolio: {'aapl': 0, 'amzn': 0, 'csco': 0, 'dis': 2, 'meta': 0, 'msft': 0, 'nflx': 0, 'nvda': 0, 'tsla': 0, 'uber': 0}
2024/10/13_22:17:46.411769 tick69		capital: -185.81
2024/10/13_22:17:46.411769 tick74	sell 2 dis
2024/10/13_22:17:46.411769 tick74		portfolio: {'aapl': 0, 'amzn': 0, 'csco': 0, 'dis': 0, 'meta': 0, 'msft': 0, 'nflx': 0, 'nvda': 0, 'tsla': 0, 'uber': 0}
2024/10/13_22:17:46.411769 tick74		capital: 8.17
2024/10/13_22:17:46.411769 tick78	buy 1 csco
2024/10/13_22:17:46.411769 tick78		portfolio: {'aapl': 0, 'amzn': 0, 'csco': 1, 'dis': 0, 'meta': 0, 'msft': 0, 'nflx': 0, 'nvda': 0, 'tsla': 0, 'uber': 0}
2024/10/13_22:17:46.411769 tick78		capital: -43.01
2024/10/13_22:17:46.411769 tick80	buy 1 csco
2024/10/13_22:17:46.411769 tick80		portfolio: {'aapl': 0, 'amzn': 0, 'csco': 2, 'dis': 0, 'meta': 0, 'msft': 0, 'nflx': 0, 'nvda': 0, 'tsla': 0, 'uber': 0}
2024/10/13_22:17:46.411769 tick80		capital: -93.99
2024/10/13_22:17:46.411769 tick84	buy 1 csco
2024/10/13_22:17:46.411769 tick84		portfolio: {'aapl': 0, 'amzn': 0, 'csco': 3, 'dis': 0, 'meta': 0, 'msft': 0, 'nflx': 0, 'nvda': 0, 'tsla': 0, 'uber': 0}
2024/10/13_22:17:46.411769 tick84		capital: -144.98
2024/10/13_22:17:46.411769 tick90	buy 1 aapl
2024/10/13_22:17:46.411769 tick90		portfolio: {'aapl': 1, 'amzn': 0, 'csco': 3, 'dis': 0, 'meta': 0, 'msft': 0, 'nflx': 0, 'nvda': 0, 'tsla': 0, 'uber': 0}
2024/10/13_22:17:46.411769 tick90		capital: -328.3
2024/10/13_22:17:46.411769 tick90	buy 1 csco
2024/10/13_22:17:46.411769 tick90		portfolio: {'aapl': 1, 'amzn': 0, 'csco': 4, 'dis': 0, 'meta': 0, 'msft': 0, 'nflx': 0, 'nvda': 0, 'tsla': 0, 'uber': 0}
2024/10/13_22:17:46.411769 tick90		capital: -377.78
2024/10/13_22:17:46.411769 tick92	buy 1 dis
2024/10/13_22:17:46.411769 tick92		portfolio: {'aapl': 1, 'amzn': 0, 'csco': 4, 'dis': 1, 'meta': 0, 'msft': 0, 'nflx': 0, 'nvda': 0, 'tsla': 0, 'uber': 0}
2024/10/13_22:17:46.411769 tick92		capital: -486.52
2024/10/13_22:17:46.411769 tick93	buy 1 dis
2024/10/13_22:17:46.411769 tick93		portfolio: {'aapl': 1, 'amzn': 0, 'csco': 4, 'dis': 2, 'meta': 0, 'msft': 0, 'nflx': 0, 'nvda': 0, 'tsla': 0, 'uber': 0}
2024/10/13_22:17:46.411769 tick93		capital: -595.2
2024/10/13_22:17:46.411769 tick95	sell 2 dis
2024/10/13_22:17:46.411769 tick95		portfolio: {'aapl': 1, 'amzn': 0, 'csco': 4, 'dis': 0, 'meta': 0, 'msft': 0, 'nflx': 0, 'nvda': 0, 'tsla': 0, 'uber': 0}
2024/10/13_22:17:46.411769 tick95		capital: -374.6
2024/10/13_22:17:46.411769 tick96	buy 1 csco
2024/10/13_22:17:46.411769 tick96		portfolio: {'aapl': 1, 'amzn': 0, 'csco': 5, 'dis': 0, 'meta': 0, 'msft': 0, 'nflx': 0, 'nvda': 0, 'tsla': 0, 'uber': 0}
2024/10/13_22:17:46.411769 tick96		capital: -423.97
2024/10/13_22:17:46.411769 tick102	buy 1 uber
2024/10/13_22:17:46.411769 tick102		portfolio: {'aapl': 1, 'amzn': 0, 'csco': 5, 'dis': 0, 'meta': 0, 'msft': 0, 'nflx': 0, 'nvda': 0, 'tsla': 0, 'uber': 1}
2024/10/13_22:17:46.411769 tick102		capital: -503.67
2024/10/13_22:17:46.411769 tick115	buy 1 csco
2024/10/13_22:17:46.411769 tick115		portfolio: {'aapl': 1, 'amzn': 0, 'csco': 6, 'dis': 0, 'meta': 0, 'msft': 0, 'nflx': 0, 'nvda': 0, 'tsla': 0, 'uber': 1}
2024/10/13_22:17:46.411769 tick115		capital: -554.44
2024/10/13_22:17:46.412769 tick116	buy 1 csco
2024/10/13_22:17:46.412769 tick116		portfolio: {'aapl': 1, 'amzn': 0, 'csco': 7, 'dis': 0, 'meta': 0, 'msft': 0, 'nflx': 0, 'nvda': 0, 'tsla': 0, 'uber': 1}
2024/10/13_22:17:46.412769 tick116		capital: -605.35
2024/10/13_22:17:46.412769 tick117	buy 1 csco
2024/10/13_22:17:46.412769 tick117		portfolio: {'aapl': 1, 'amzn': 0, 'csco': 8, 'dis': 0, 'meta': 0, 'msft': 0, 'nflx': 0, 'nvda': 0, 'tsla': 0, 'uber': 1}
2024/10/13_22:17:46.412769 tick117		capital: -656.39
2024/10/13_22:17:46.412769 tick118	buy 1 csco
2024/10/13_22:17:46.412769 tick118		portfolio: {'aapl': 1, 'amzn': 0, 'csco': 9, 'dis': 0, 'meta': 0, 'msft': 0, 'nflx': 0, 'nvda': 0, 'tsla': 0, 'uber': 1}
2024/10/13_22:17:46.412769 tick118		capital: -706.75
2024/10/13_22:17:46.412769 tick118	buy 1 uber
2024/10/13_22:17:46.412769 tick118		portfolio: {'aapl': 1, 'amzn': 0, 'csco': 9, 'dis': 0, 'meta': 0, 'msft': 0, 'nflx': 0, 'nvda': 0, 'tsla': 0, 'uber': 2}
2024/10/13_22:17:46.412769 tick118		capital: -784.73
2024/10/13_22:17:46.412769 tick123	buy 1 aapl
2024/10/13_22:17:46.412769 tick123		portfolio: {'aapl': 2, 'amzn': 0, 'csco': 9, 'dis': 0, 'meta': 0, 'msft': 0, 'nflx': 0, 'nvda': 0, 'tsla': 0, 'uber': 2}
2024/10/13_22:17:46.412769 tick123		capital: -955.4
2024/10/13_22:17:46.412769 tick129	buy 1 dis
2024/10/13_22:17:46.412769 tick129		portfolio: {'aapl': 2, 'amzn': 0, 'csco': 9, 'dis': 1, 'meta': 0, 'msft': 0, 'nflx': 0, 'nvda': 0, 'tsla': 0, 'uber': 2}
2024/10/13_22:17:46.412769 tick129		capital: -1069.34
2024/10/13_22:17:46.412769 tick132	buy 1 csco
2024/10/13_22:17:46.412769 tick132		portfolio: {'aapl': 2, 'amzn': 0, 'csco': 10, 'dis': 1, 'meta': 0, 'msft': 0, 'nflx': 0, 'nvda': 0, 'tsla': 0, 'uber': 2}
2024/10/13_22:17:46.412769 tick132		capital: -1118.48
2024/10/13_22:17:46.412769 tick141	sell 2 aapl
2024/10/13_22:17:46.412769 tick141		portfolio: {'aapl': 0, 'amzn': 0, 'csco': 10, 'dis': 1, 'meta': 0, 'msft': 0, 'nflx': 0, 'nvda': 0, 'tsla': 0, 'uber': 2}
2024/10/13_22:17:46.412769 tick141		capital: -752.72
2024/10/13_22:17:46.412769 tick142	sell 1 dis
2024/10/13_22:17:46.412769 tick142		portfolio: {'aapl': 0, 'amzn': 0, 'csco': 10, 'dis': 0, 'meta': 0, 'msft': 0, 'nflx': 0, 'nvda': 0, 'tsla': 0, 'uber': 2}
2024/10/13_22:17:46.412769 tick142		capital: -637.25
2024/10/13_22:17:46.412769 tick147	buy 1 dis
2024/10/13_22:17:46.412769 tick147		portfolio: {'aapl': 0, 'amzn': 0, 'csco': 10, 'dis': 1, 'meta': 0, 'msft': 0, 'nflx': 0, 'nvda': 0, 'tsla': 0, 'uber': 2}
2024/10/13_22:17:46.412769 tick147		capital: -744.08
2024/10/13_22:17:46.413768 tick165	buy 1 dis
2024/10/13_22:17:46.413768 tick165		portfolio: {'aapl': 0, 'amzn': 0, 'csco': 10, 'dis': 2, 'meta': 0, 'msft': 0, 'nflx': 0, 'nvda': 0, 'tsla': 0, 'uber': 2}
2024/10/13_22:17:46.413768 tick165		capital: -846.62
2024/10/13_22:17:46.413768 tick168	buy 1 nvda
2024/10/13_22:17:46.413768 tick168		portfolio: {'aapl': 0, 'amzn': 0, 'csco': 10, 'dis': 2, 'meta': 0, 'msft': 0, 'nflx': 0, 'nvda': 1, 'tsla': 0, 'uber': 2}
2024/10/13_22:17:46.413768 tick168		capital: -968.53
2024/10/13_22:17:46.413768 tick169	sell 1 nvda
2024/10/13_22:17:46.413768 tick169		portfolio: {'aapl': 0, 'amzn': 0, 'csco': 10, 'dis': 2, 'meta': 0, 'msft': 0, 'nflx': 0, 'nvda': 0, 'tsla': 0, 'uber': 2}
2024/10/13_22:17:46.413768 tick169		capital: -844.33
2024/10/13_22:17:46.413768 tick170	buy 1 csco
2024/10/13_22:17:46.413768 tick170		portfolio: {'aapl': 0, 'amzn': 0, 'csco': 11, 'dis': 2, 'meta': 0, 'msft': 0, 'nflx': 0, 'nvda': 0, 'tsla': 0, 'uber': 2}
2024/10/13_22:17:46.413768 tick170		capital: -891.01
2024/10/13_22:17:46.413768 tick179	buy 1 dis
2024/10/13_22:17:46.413768 tick179		portfolio: {'aapl': 0, 'amzn': 0, 'csco': 11, 'dis': 3, 'meta': 0, 'msft': 0, 'nflx': 0, 'nvda': 0, 'tsla': 0, 'uber': 2}
2024/10/13_22:17:46.413768 tick179		capital: -991.3
2024/10/13_22:17:46.413768 tick181	buy 1 csco
2024/10/13_22:17:46.413768 tick181		portfolio: {'aapl': 0, 'amzn': 0, 'csco': 12, 'dis': 3, 'meta': 0, 'msft': 0, 'nflx': 0, 'nvda': 0, 'tsla': 0, 'uber': 2}
2024/10/13_22:17:46.413768 tick181		capital: -1039.58
2024/10/13_22:17:46.413768 tick183	buy 1 dis
2024/10/13_22:17:46.413768 tick183		portfolio: {'aapl': 0, 'amzn': 0, 'csco': 12, 'dis': 4, 'meta': 0, 'msft': 0, 'nflx': 0, 'nvda': 0, 'tsla': 0, 'uber': 2}
2024/10/13_22:17:46.413768 tick183		capital: -1138.57
2024/10/13_22:17:46.413768 tick184	buy 1 uber
2024/10/13_22:17:46.413768 tick184		portfolio: {'aapl': 0, 'amzn': 0, 'csco': 12, 'dis': 4, 'meta': 0, 'msft': 0, 'nflx': 0, 'nvda': 0, 'tsla': 0, 'uber': 3}
2024/10/13_22:17:46.413768 tick184		capital: -1210.82
2024/10/13_22:17:46.413768 tick188	buy 1 dis
2024/10/13_22:17:46.413768 tick188		portfolio: {'aapl': 0, 'amzn': 0, 'csco': 12, 'dis': 5, 'meta': 0, 'msft': 0, 'nflx': 0, 'nvda': 0, 'tsla': 0, 'uber': 3}
2024/10/13_22:17:46.413768 tick188		capital: -1308.95
2024/10/13_22:17:46.413768 tick194	buy 1 csco
2024/10/13_22:17:46.413768 tick194		portfolio: {'aapl': 0, 'amzn': 0, 'csco': 13, 'dis': 5, 'meta': 0, 'msft': 0, 'nflx': 0, 'nvda': 0, 'tsla': 0, 'uber': 3}
2024/10/13_22:17:46.413768 tick194		capital: -1356.77
2024/10/13_22:17:46.414768 tick199	buy 1 uber
2024/10/13_22:17:46.414768 tick199		portfolio: {'aapl': 0, 'amzn': 0, 'csco': 13, 'dis': 5, 'meta': 0, 'msft': 0, 'nflx': 0, 'nvda': 0, 'tsla': 0, 'uber': 4}
2024/10/13_22:17:46.414768 tick199		capital: -1421.53
2024/10/13_22:17:46.414768 tick209	buy 1 dis
2024/10/13_22:17:46.414768 tick209		portfolio: {'aapl': 0, 'amzn': 0, 'csco': 13, 'dis': 6, 'meta': 0, 'msft': 0, 'nflx': 0, 'nvda': 0, 'tsla': 0, 'uber': 4}
2024/10/13_22:17:46.414768 tick209		capital: -1508.48
2024/10/13_22:17:46.414768 tick214	sell 13 csco
2024/10/13_22:17:46.414768 tick214		portfolio: {'aapl': 0, 'amzn': 0, 'csco': 0, 'dis': 6, 'meta': 0, 'msft': 0, 'nflx': 0, 'nvda': 0, 'tsla': 0, 'uber': 4}
2024/10/13_22:17:46.414768 tick214		capital: -859.74
2024/10/13_22:17:46.414768 tick214	sell 4 uber
2024/10/13_22:17:46.414768 tick214		portfolio: {'aapl': 0, 'amzn': 0, 'csco': 0, 'dis': 6, 'meta': 0, 'msft': 0, 'nflx': 0, 'nvda': 0, 'tsla': 0, 'uber': 0}
2024/10/13_22:17:46.414768 tick214		capital: -564.02
2024/10/13_22:17:46.414768 tick218	buy 1 dis
2024/10/13_22:17:46.414768 tick218		portfolio: {'aapl': 0, 'amzn': 0, 'csco': 0, 'dis': 7, 'meta': 0, 'msft': 0, 'nflx': 0, 'nvda': 0, 'tsla': 0, 'uber': 0}
2024/10/13_22:17:46.414768 tick218		capital: -655.58
2024/10/13_22:17:46.414768 tick222	buy 1 dis
2024/10/13_22:17:46.414768 tick222		portfolio: {'aapl': 0, 'amzn': 0, 'csco': 0, 'dis': 8, 'meta': 0, 'msft': 0, 'nflx': 0, 'nvda': 0, 'tsla': 0, 'uber': 0}
2024/10/13_22:17:46.414768 tick222		capital: -746.39
2024/10/13_22:17:46.414768 tick223	buy 1 dis
2024/10/13_22:17:46.414768 tick223		portfolio: {'aapl': 0, 'amzn': 0, 'csco': 0, 'dis': 9, 'meta': 0, 'msft': 0, 'nflx': 0, 'nvda': 0, 'tsla': 0, 'uber': 0}
2024/10/13_22:17:46.414768 tick223		capital: -837.77
2024/10/13_22:17:46.414768 tick225	buy 1 csco
2024/10/13_22:17:46.414768 tick225		portfolio: {'aapl': 0, 'amzn': 0, 'csco': 1, 'dis': 9, 'meta': 0, 'msft': 0, 'nflx': 0, 'nvda': 0, 'tsla': 0, 'uber': 0}
2024/10/13_22:17:46.414768 tick225		capital: -888.47
2024/10/13_22:17:46.414768 tick225	buy 1 dis
2024/10/13_22:17:46.414768 tick225		portfolio: {'aapl': 0, 'amzn': 0, 'csco': 1, 'dis': 10, 'meta': 0, 'msft': 0, 'nflx': 0, 'nvda': 0, 'tsla': 0, 'uber': 0}
2024/10/13_22:17:46.414768 tick225		capital: -978.72
2024/10/13_22:17:46.414768 tick226	buy 1 csco
2024/10/13_22:17:46.414768 tick226		portfolio: {'aapl': 0, 'amzn': 0, 'csco': 2, 'dis': 10, 'meta': 0, 'msft': 0, 'nflx': 0, 'nvda': 0, 'tsla': 0, 'uber': 0}
2024/10/13_22:17:46.414768 tick226		capital: -1028.85
2024/10/13_22:17:46.414768 tick226	buy 1 uber
2024/10/13_22:17:46.414768 tick226		portfolio: {'aapl': 0, 'amzn': 0, 'csco': 2, 'dis': 10, 'meta': 0, 'msft': 0, 'nflx': 0, 'nvda': 0, 'tsla': 0, 'uber': 1}
2024/10/13_22:17:46.414768 tick226		capital: -1101.1
2024/10/13_22:17:46.414768 tick227	buy 1 csco
2024/10/13_22:17:46.414768 tick227		portfolio: {'aapl': 0, 'amzn': 0, 'csco': 3, 'dis': 10, 'meta': 0, 'msft': 0, 'nflx': 0, 'nvda': 0, 'tsla': 0, 'uber': 1}
2024/10/13_22:17:46.414768 tick227		capital: -1150.6
2024/10/13_22:17:46.414768 tick228	buy 1 csco
2024/10/13_22:17:46.414768 tick228		portfolio: {'aapl': 0, 'amzn': 0, 'csco': 4, 'dis': 10, 'meta': 0, 'msft': 0, 'nflx': 0, 'nvda': 0, 'tsla': 0, 'uber': 1}
2024/10/13_22:17:46.414768 tick228		capital: -1200.3
2024/10/13_22:17:46.414768 tick229	buy 1 uber
2024/10/13_22:17:46.414768 tick229		portfolio: {'aapl': 0, 'amzn': 0, 'csco': 4, 'dis': 10, 'meta': 0, 'msft': 0, 'nflx': 0, 'nvda': 0, 'tsla': 0, 'uber': 2}
2024/10/13_22:17:46.414768 tick229		capital: -1270.29
2024/10/13_22:17:46.414768 tick231	buy 1 uber
2024/10/13_22:17:46.414768 tick231		portfolio: {'aapl': 0, 'amzn': 0, 'csco': 4, 'dis': 10, 'meta': 0, 'msft': 0, 'nflx': 0, 'nvda': 0, 'tsla': 0, 'uber': 3}
2024/10/13_22:17:46.414768 tick231		capital: -1339.38
2024/10/13_22:17:46.414768 tick232	sell 3 uber
2024/10/13_22:17:46.415769 tick232		portfolio: {'aapl': 0, 'amzn': 0, 'csco': 4, 'dis': 10, 'meta': 0, 'msft': 0, 'nflx': 0, 'nvda': 0, 'tsla': 0, 'uber': 0}
2024/10/13_22:17:46.415769 tick232		capital: -1122.94
2024/10/13_22:17:46.415769 tick233	sell 4 csco
2024/10/13_22:17:46.415769 tick233		portfolio: {'aapl': 0, 'amzn': 0, 'csco': 0, 'dis': 10, 'meta': 0, 'msft': 0, 'nflx': 0, 'nvda': 0, 'tsla': 0, 'uber': 0}
2024/10/13_22:17:46.415769 tick233		capital: -919.82
2024/10/13_22:17:46.415769 tick239	buy 1 dis
2024/10/13_22:17:46.415769 tick239		portfolio: {'aapl': 0, 'amzn': 0, 'csco': 0, 'dis': 11, 'meta': 0, 'msft': 0, 'nflx': 0, 'nvda': 0, 'tsla': 0, 'uber': 0}
2024/10/13_22:17:46.415769 tick239		capital: -1014.51
2024/10/13_22:17:46.415769 tick241	buy 1 msft
2024/10/13_22:17:46.415769 tick241		portfolio: {'aapl': 0, 'amzn': 0, 'csco': 0, 'dis': 11, 'meta': 0, 'msft': 1, 'nflx': 0, 'nvda': 0, 'tsla': 0, 'uber': 0}
2024/10/13_22:17:46.415769 tick241		capital: -1446.82
2024/10/13_22:17:46.415769 tick245	buy 1 dis
2024/10/13_22:17:46.415769 tick245		portfolio: {'aapl': 0, 'amzn': 0, 'csco': 0, 'dis': 12, 'meta': 0, 'msft': 1, 'nflx': 0, 'nvda': 0, 'tsla': 0, 'uber': 0}
2024/10/13_22:17:46.415769 tick245		capital: -1541.97
2024/10/13_22:17:46.415769 tick247	buy 1 aapl
2024/10/13_22:17:46.415769 tick247		portfolio: {'aapl': 1, 'amzn': 0, 'csco': 0, 'dis': 12, 'meta': 0, 'msft': 1, 'nflx': 0, 'nvda': 0, 'tsla': 0, 'uber': 0}
2024/10/13_22:17:46.415769 tick247		capital: -1769.77
2024/10/13_22:17:46.415769 tick247	buy 1 csco
2024/10/13_22:17:46.415769 tick247		portfolio: {'aapl': 1, 'amzn': 0, 'csco': 1, 'dis': 12, 'meta': 0, 'msft': 1, 'nflx': 0, 'nvda': 0, 'tsla': 0, 'uber': 0}
2024/10/13_22:17:46.415769 tick247		capital: -1823.52
2024/10/13_22:17:46.415769 tick248	buy 1 csco
2024/10/13_22:17:46.415769 tick248		portfolio: {'aapl': 1, 'amzn': 0, 'csco': 2, 'dis': 12, 'meta': 0, 'msft': 1, 'nflx': 0, 'nvda': 0, 'tsla': 0, 'uber': 0}
2024/10/13_22:17:46.415769 tick248		capital: -1877.03
2024/10/13_22:17:46.415769 tick249	buy 1 csco
2024/10/13_22:17:46.415769 tick249		portfolio: {'aapl': 1, 'amzn': 0, 'csco': 3, 'dis': 12, 'meta': 0, 'msft': 1, 'nflx': 0, 'nvda': 0, 'tsla': 0, 'uber': 0}
2024/10/13_22:17:46.415769 tick249		capital: -1930.76
